<?xml version="1.0" encoding="UTF-8"?>
<!-- Generated by org.testng.reporters.JUnitReportReporter -->
<testsuite hostname="LAPTOP-SEB37LJP" failures="0" tests="3" name="runners.TestRunner" time="18.046" errors="0" timestamp="2025-09-01T00:42:24 IST" skipped="0">
  <testcase classname="runners.TestRunner" name="runScenario" time="6.283"/>
  <testcase classname="runners.TestRunner" name="runScenario" time="6.398"/>
  <testcase classname="runners.TestRunner" name="runScenario" time="5.365"/>
</testsuite> <!-- runners.TestRunner -->
