<?xml version="1.0" encoding="UTF-8"?>
<!-- Generated by org.testng.reporters.JUnitReportReporter -->
<testsuite hostname="LAPTOP-SEB37LJP" failures="0" tests="3" name="runners.TestRunner" time="21.533" errors="0" timestamp="2025-09-01T02:26:32 IST" skipped="0">
  <testcase classname="runners.TestRunner" name="runScenario" time="6.971"/>
  <testcase classname="runners.TestRunner" name="runScenario" time="8.818"/>
  <testcase classname="runners.TestRunner" name="runScenario" time="5.744"/>
</testsuite> <!-- runners.TestRunner -->
